<?xml version="1.0" encoding="UTF-8"?>
<testng-results ignored="0" total="1" passed="1" failed="0" skipped="0">
  <reporter-output>
    <line>
      <![CDATA[Extent Report DirectoryC:\Users\Rabeka\IdeaProjects\Team_3_Framework_Project\AliBaba\test-output\html]]>
    </line>
  </reporter-output>
  <suite started-at="2018-01-11T05:59:53Z" name="AliBaba Automation Test" finished-at="2018-01-11T06:02:09Z" duration-ms="135672">
    <groups>
    </groups>
    <test started-at="2018-01-11T05:59:53Z" name="Alibaba Home" finished-at="2018-01-11T06:02:09Z" duration-ms="135672">
      <class name="testCases.TestByInputFromExls">
        <test-method is-config="true" signature="extentSetup(org.testng.ITestContext)[pri:0, instance:testCases.TestByInputFromExls@5136d012]" started-at="2018-01-11T00:59:45Z" name="extentSetup" finished-at="2018-01-11T00:59:53Z" duration-ms="7861" status="PASS">
          <params>
            <param index="0">
              <value>
                <![CDATA[org.testng.TestRunner@fabb651]]>
              </value>
            </param>
          </params>
          <reporter-output>
            <line>
              <![CDATA[Extent Report DirectoryC:\Users\Rabeka\IdeaProjects\Team_3_Framework_Project\AliBaba\test-output\html]]>
            </line>
          </reporter-output>
        </test-method> <!-- extentSetup -->
        <test-method is-config="true" signature="setUp(boolean, java.lang.String, java.lang.String, java.lang.String, java.lang.String, java.lang.String, java.lang.String)[pri:0, instance:testCases.TestByInputFromExls@5136d012]" started-at="2018-01-11T00:59:54Z" name="setUp" finished-at="2018-01-11T01:00:51Z" duration-ms="57510" status="PASS">
          <params>
            <param index="0">
              <value>
                <![CDATA[false]]>
              </value>
            </param>
            <param index="1">
              <value>
                <![CDATA[browserstack]]>
              </value>
            </param>
            <param index="2">
              <value>
                <![CDATA[Windows]]>
              </value>
            </param>
            <param index="3">
              <value>
                <![CDATA[10]]>
              </value>
            </param>
            <param index="4">
              <value>
                <![CDATA[Chrome]]>
              </value>
            </param>
            <param index="5">
              <value>
                <![CDATA[62.0]]>
              </value>
            </param>
            <param index="6">
              <value>
                <![CDATA[https://www.alibaba.com/]]>
              </value>
            </param>
          </params>
          <reporter-output>
          </reporter-output>
        </test-method> <!-- setUp -->
        <test-method is-config="true" signature="startExtent(java.lang.reflect.Method)[pri:0, instance:testCases.TestByInputFromExls@5136d012]" started-at="2018-01-11T01:00:51Z" name="startExtent" finished-at="2018-01-11T01:00:51Z" duration-ms="26" status="PASS">
          <params>
            <param index="0">
              <value>
                <![CDATA[public void testCases.TestByInputFromExls.signInWithInvalidIdAndPassword() throws java.io.IOException,java.lang.InterruptedException]]>
              </value>
            </param>
          </params>
          <reporter-output>
          </reporter-output>
        </test-method> <!-- startExtent -->
        <test-method is-config="true" signature="initialization()[pri:0, instance:testCases.TestByInputFromExls@5136d012]" started-at="2018-01-11T01:00:51Z" name="initialization" finished-at="2018-01-11T01:00:52Z" duration-ms="491" status="PASS">
          <reporter-output>
          </reporter-output>
        </test-method> <!-- initialization -->
        <test-method signature="signInWithInvalidIdAndPassword()[pri:0, instance:testCases.TestByInputFromExls@5136d012]" started-at="2018-01-11T01:00:52Z" name="signInWithInvalidIdAndPassword" finished-at="2018-01-11T01:02:01Z" duration-ms="69390" status="PASS">
          <reporter-output>
          </reporter-output>
        </test-method> <!-- signInWithInvalidIdAndPassword -->
        <test-method is-config="true" signature="afterEachTestMethod(org.testng.ITestResult)[pri:0, instance:testCases.TestByInputFromExls@5136d012]" started-at="2018-01-11T01:02:01Z" name="afterEachTestMethod" finished-at="2018-01-11T01:02:09Z" duration-ms="7850" status="PASS">
          <params>
            <param index="0">
              <value>
                <![CDATA[[TestResult name=signInWithInvalidIdAndPassword status=SUCCESS method=TestByInputFromExls.signInWithInvalidIdAndPassword()[pri:0, instance:testCases.TestByInputFromExls@5136d012] output={null}]]]>
              </value>
            </param>
          </params>
          <reporter-output>
          </reporter-output>
        </test-method> <!-- afterEachTestMethod -->
        <test-method is-config="true" signature="closeOut()[pri:0, instance:testCases.TestByInputFromExls@5136d012]" started-at="2018-01-11T01:02:09Z" name="closeOut" finished-at="2018-01-11T01:02:09Z" duration-ms="2" status="PASS">
          <reporter-output>
          </reporter-output>
        </test-method> <!-- closeOut -->
        <test-method is-config="true" signature="generateReport()[pri:0, instance:testCases.TestByInputFromExls@5136d012]" started-at="2018-01-11T01:02:09Z" name="generateReport" finished-at="2018-01-11T01:02:10Z" duration-ms="991" status="PASS">
          <reporter-output>
          </reporter-output>
        </test-method> <!-- generateReport -->
      </class> <!-- testCases.TestByInputFromExls -->
    </test> <!-- Alibaba Home -->
  </suite> <!-- AliBaba Automation Test -->
</testng-results>
