<?xml version="1.0" encoding="UTF-8"?>
<testng-results skipped="0" failed="0" ignored="0" total="2" passed="2">
  <reporter-output>
    <line>
      <![CDATA[Extent Report DirectoryC:\Users\Ali\Team_3_Framework_Project\Cigna\test-output\html]]>
    </line>
  </reporter-output>
  <suite name="Cigna Automation Test" duration-ms="37872" started-at="2018-01-23T16:15:28Z" finished-at="2018-01-23T16:16:06Z">
    <groups>
    </groups>
    <test name="Cigna" duration-ms="37872" started-at="2018-01-23T16:15:28Z" finished-at="2018-01-23T16:16:06Z">
      <class name="testCases.TestLoginPage">
        <test-method status="PASS" signature="extentSetup(org.testng.ITestContext)[pri:0, instance:testCases.TestLoginPage@6acdbdf5]" name="extentSetup" is-config="true" duration-ms="886" started-at="2018-01-23T11:15:27Z" finished-at="2018-01-23T11:15:28Z">
          <params>
            <param index="0">
              <value>
                <![CDATA[org.testng.TestRunner@3e5499cc]]>
              </value>
            </param>
          </params>
          <reporter-output>
            <line>
              <![CDATA[Extent Report DirectoryC:\Users\Ali\Team_3_Framework_Project\Cigna\test-output\html]]>
            </line>
          </reporter-output>
        </test-method> <!-- extentSetup -->
        <test-method status="PASS" signature="setUp(boolean, java.lang.String, java.lang.String, java.lang.String, java.lang.String, java.lang.String, java.lang.String)[pri:0, instance:testCases.TestLoginPage@6acdbdf5]" name="setUp" is-config="true" duration-ms="10410" started-at="2018-01-23T11:15:28Z" finished-at="2018-01-23T11:15:39Z">
          <params>
            <param index="0">
              <value>
                <![CDATA[false]]>
              </value>
            </param>
            <param index="1">
              <value>
                <![CDATA[browserstack]]>
              </value>
            </param>
            <param index="2">
              <value>
                <![CDATA[Windows]]>
              </value>
            </param>
            <param index="3">
              <value>
                <![CDATA[10]]>
              </value>
            </param>
            <param index="4">
              <value>
                <![CDATA[Chrome]]>
              </value>
            </param>
            <param index="5">
              <value>
                <![CDATA[62.0]]>
              </value>
            </param>
            <param index="6">
              <value>
                <![CDATA[https://www.cigna.com/]]>
              </value>
            </param>
          </params>
          <reporter-output>
          </reporter-output>
        </test-method> <!-- setUp -->
        <test-method status="PASS" signature="startExtent(java.lang.reflect.Method)[pri:0, instance:testCases.TestLoginPage@6acdbdf5]" name="startExtent" is-config="true" duration-ms="6" started-at="2018-01-23T11:15:39Z" finished-at="2018-01-23T11:15:39Z">
          <params>
            <param index="0">
              <value>
                <![CDATA[public void testCases.TestLoginPage.loginButton()]]>
              </value>
            </param>
          </params>
          <reporter-output>
          </reporter-output>
        </test-method> <!-- startExtent -->
        <test-method status="PASS" signature="initilizationOfObject()[pri:0, instance:testCases.TestLoginPage@6acdbdf5]" name="initilizationOfObject" is-config="true" duration-ms="45" started-at="2018-01-23T11:15:39Z" finished-at="2018-01-23T11:15:39Z">
          <reporter-output>
          </reporter-output>
        </test-method> <!-- initilizationOfObject -->
        <test-method status="PASS" signature="loginButton()[pri:1, instance:testCases.TestLoginPage@6acdbdf5]" name="loginButton" duration-ms="4513" started-at="2018-01-23T11:15:39Z" finished-at="2018-01-23T11:15:43Z">
          <reporter-output>
          </reporter-output>
        </test-method> <!-- loginButton -->
        <test-method status="PASS" signature="afterEachTestMethod(org.testng.ITestResult)[pri:0, instance:testCases.TestLoginPage@6acdbdf5]" name="afterEachTestMethod" is-config="true" duration-ms="1086" started-at="2018-01-23T11:15:43Z" finished-at="2018-01-23T11:15:44Z">
          <params>
            <param index="0">
              <value>
                <![CDATA[[TestResult name=loginButton status=SUCCESS method=TestLoginPage.loginButton()[pri:1, instance:testCases.TestLoginPage@6acdbdf5] output={null}]]]>
              </value>
            </param>
          </params>
          <reporter-output>
          </reporter-output>
        </test-method> <!-- afterEachTestMethod -->
        <test-method status="PASS" signature="closeOut()[pri:0, instance:testCases.TestLoginPage@6acdbdf5]" name="closeOut" is-config="true" duration-ms="1" started-at="2018-01-23T11:15:44Z" finished-at="2018-01-23T11:15:44Z">
          <reporter-output>
          </reporter-output>
        </test-method> <!-- closeOut -->
        <test-method status="PASS" signature="setUp(boolean, java.lang.String, java.lang.String, java.lang.String, java.lang.String, java.lang.String, java.lang.String)[pri:0, instance:testCases.TestLoginPage@6acdbdf5]" name="setUp" is-config="true" duration-ms="8597" started-at="2018-01-23T11:15:44Z" finished-at="2018-01-23T11:15:53Z">
          <params>
            <param index="0">
              <value>
                <![CDATA[false]]>
              </value>
            </param>
            <param index="1">
              <value>
                <![CDATA[browserstack]]>
              </value>
            </param>
            <param index="2">
              <value>
                <![CDATA[Windows]]>
              </value>
            </param>
            <param index="3">
              <value>
                <![CDATA[10]]>
              </value>
            </param>
            <param index="4">
              <value>
                <![CDATA[Chrome]]>
              </value>
            </param>
            <param index="5">
              <value>
                <![CDATA[62.0]]>
              </value>
            </param>
            <param index="6">
              <value>
                <![CDATA[https://www.cigna.com/]]>
              </value>
            </param>
          </params>
          <reporter-output>
          </reporter-output>
        </test-method> <!-- setUp -->
        <test-method status="PASS" signature="startExtent(java.lang.reflect.Method)[pri:0, instance:testCases.TestLoginPage@6acdbdf5]" name="startExtent" is-config="true" duration-ms="1" started-at="2018-01-23T11:15:53Z" finished-at="2018-01-23T11:15:53Z">
          <params>
            <param index="0">
              <value>
                <![CDATA[public void testCases.TestLoginPage.regrister1()]]>
              </value>
            </param>
          </params>
          <reporter-output>
          </reporter-output>
        </test-method> <!-- startExtent -->
        <test-method status="PASS" signature="initilizationOfObject()[pri:0, instance:testCases.TestLoginPage@6acdbdf5]" name="initilizationOfObject" is-config="true" duration-ms="4" started-at="2018-01-23T11:15:53Z" finished-at="2018-01-23T11:15:53Z">
          <reporter-output>
          </reporter-output>
        </test-method> <!-- initilizationOfObject -->
        <test-method status="PASS" signature="regrister1()[pri:1, instance:testCases.TestLoginPage@6acdbdf5]" name="regrister1" duration-ms="12394" started-at="2018-01-23T11:15:53Z" finished-at="2018-01-23T11:16:05Z">
          <reporter-output>
          </reporter-output>
        </test-method> <!-- regrister1 -->
        <test-method status="PASS" signature="afterEachTestMethod(org.testng.ITestResult)[pri:0, instance:testCases.TestLoginPage@6acdbdf5]" name="afterEachTestMethod" is-config="true" duration-ms="788" started-at="2018-01-23T11:16:05Z" finished-at="2018-01-23T11:16:06Z">
          <params>
            <param index="0">
              <value>
                <![CDATA[[TestResult name=regrister1 status=SUCCESS method=TestLoginPage.regrister1()[pri:1, instance:testCases.TestLoginPage@6acdbdf5] output={null}]]]>
              </value>
            </param>
          </params>
          <reporter-output>
          </reporter-output>
        </test-method> <!-- afterEachTestMethod -->
        <test-method status="PASS" signature="closeOut()[pri:0, instance:testCases.TestLoginPage@6acdbdf5]" name="closeOut" is-config="true" duration-ms="0" started-at="2018-01-23T11:16:06Z" finished-at="2018-01-23T11:16:06Z">
          <reporter-output>
          </reporter-output>
        </test-method> <!-- closeOut -->
        <test-method status="PASS" signature="generateReport()[pri:0, instance:testCases.TestLoginPage@6acdbdf5]" name="generateReport" is-config="true" duration-ms="42" started-at="2018-01-23T11:16:06Z" finished-at="2018-01-23T11:16:06Z">
          <reporter-output>
          </reporter-output>
        </test-method> <!-- generateReport -->
      </class> <!-- testCases.TestLoginPage -->
    </test> <!-- Cigna -->
  </suite> <!-- Cigna Automation Test -->
</testng-results>
