<?xml version="1.0" encoding="UTF-8"?>
<!-- Generated by org.testng.reporters.JUnitXMLReporter -->
<testsuite hostname="DESKTOP-N7G69G5" ignored="10" name="Home Depot" tests="1" failures="0" timestamp="11 Jan 2018 20:48:51 GMT" time="27.119" errors="0">
  <testcase name="testScrollDown" time="7.752" classname="testCases.TestSearchPage"/>
  <testcase name="testPriceFilterBox" time="0.0" classname="testCases.TestSearchPage">
    <ignored/>
  </testcase> <!-- testPriceFilterBox -->
  <testcase name="testDecrementQuantityBox" time="0.0" classname="testCases.TestSearchPage">
    <ignored/>
  </testcase> <!-- testDecrementQuantityBox -->
  <testcase name="testSortByHighToLow" time="0.0" classname="testCases.TestSearchPage">
    <ignored/>
  </testcase> <!-- testSortByHighToLow -->
  <testcase name="testPriceFilterFeature" time="0.0" classname="testCases.TestSearchPage">
    <ignored/>
  </testcase> <!-- testPriceFilterFeature -->
  <testcase name="testSortByTopRated" time="0.0" classname="testCases.TestSearchPage">
    <ignored/>
  </testcase> <!-- testSortByTopRated -->
  <testcase name="testSortByLowToHigh" time="0.0" classname="testCases.TestSearchPage">
    <ignored/>
  </testcase> <!-- testSortByLowToHigh -->
  <testcase name="testListSortBy" time="0.0" classname="testCases.TestSearchPage">
    <ignored/>
  </testcase> <!-- testListSortBy -->
  <testcase name="testIncrementQuantityBox" time="0.0" classname="testCases.TestSearchPage">
    <ignored/>
  </testcase> <!-- testIncrementQuantityBox -->
  <testcase name="testSortByBestMatch" time="0.0" classname="testCases.TestSearchPage">
    <ignored/>
  </testcase> <!-- testSortByBestMatch -->
  <testcase name="testSortByTopSeller" time="0.0" classname="testCases.TestSearchPage">
    <ignored/>
  </testcase> <!-- testSortByTopSeller -->
</testsuite> <!-- Home Depot -->
