<?xml version="1.0" encoding="UTF-8"?>
<!-- Generated by org.testng.reporters.JUnitXMLReporter -->
<testsuite hostname="Alistair" ignored="0" name="Cigna" tests="35" failures="0" timestamp="12 Jan 2018 15:47:33 GMT" time="413.225" errors="0">
  <testcase name="testFindDoctor" time="1.978" classname="testCases.TestPersonalPage"/>
  <testcase name="testIndividualFamilyPlan" time="0.032" classname="testCases.TestPersonalPage"/>
  <testcase name="testSearchBar" time="2.43" classname="testCases.TestPersonalPage"/>
  <testcase name="testCignaMedicare" time="0.059" classname="testCases.TestPersonalPage"/>
  <testcase name="testInternationalIndividualPlan" time="0.045" classname="testCases.TestPersonalPage"/>
  <testcase name="testOfferCignaThroughWork" time="0.037" classname="testCases.TestPersonalPage"/>
  <testcase name="testHealthWellness" time="0.036" classname="testCases.TestPersonalPage"/>
  <testcase name="testMainLogo" time="0.06" classname="testCases.TestPersonalPage"/>
  <testcase name="testMoreInformation" time="0.067" classname="testCases.TestPersonalPage"/>
  <testcase name="testViewDetails" time="0.055" classname="testCases.TestPersonalPage"/>
  <testcase name="testSeeVideo" time="0.055" classname="testCases.TestPersonalPage"/>
  <testcase name="testHearWhatYouNeed" time="0.041" classname="testCases.TestPersonalPage"/>
  <testcase name="testDownloadAPP" time="0.05" classname="testCases.TestPersonalPage"/>
  <testcase name="testListenNow" time="0.055" classname="testCases.TestPersonalPage"/>
  <testcase name="testReadMore" time="0.054" classname="testCases.TestPersonalPage"/>
  <testcase name="testNews" time="0.038" classname="testCases.TestPersonalPage"/>
  <testcase name="testInvestors" time="0.044" classname="testCases.TestPersonalPage"/>
  <testcase name="testCoperate" time="0.075" classname="testCases.TestPersonalPage"/>
  <testcase name="testFindADoctor" time="0.047" classname="testCases.TestPersonalPage"/>
  <testcase name="testInformedOnReport" time="0.042" classname="testCases.TestPersonalPage"/>
  <testcase name="testMopileApp" time="0.06" classname="testCases.TestPersonalPage"/>
  <testcase name="testContactAs" time="0.044" classname="testCases.TestPersonalPage"/>
  <testcase name="testFeedback" time="0.068" classname="testCases.TestPersonalPage"/>
  <testcase name="testLinkedin" time="0.055" classname="testCases.TestPersonalPage"/>
  <testcase name="testFacebook" time="0.072" classname="testCases.TestPersonalPage"/>
  <testcase name="testTwitter" time="0.051" classname="testCases.TestPersonalPage"/>
  <testcase name="testYoutube" time="0.06" classname="testCases.TestPersonalPage"/>
  <testcase name="testGoogle" time="0.046" classname="testCases.TestPersonalPage"/>
  <testcase name="testPinIntrest" time="0.059" classname="testCases.TestPersonalPage"/>
  <testcase name="testWeibo" time="0.053" classname="testCases.TestPersonalPage"/>
  <testcase name="testInstragram" time="0.052" classname="testCases.TestPersonalPage"/>
  <testcase name="testViewAll" time="0.067" classname="testCases.TestPersonalPage"/>
  <testcase name="testNorton" time="0.052" classname="testCases.TestPersonalPage"/>
  <testcase name="testFeedbackSideLink" time="0.049" classname="testCases.TestPersonalPage"/>
  <testcase name="testSign" time="0.046" classname="testCases.TestPersonalPage"/>
</testsuite> <!-- Cigna -->
