<?xml version="1.0" encoding="UTF-8"?>
<!-- Generated by org.testng.reporters.JUnitXMLReporter -->
<testsuite ignored="1" hostname="Jahid" failures="0" tests="12" name="Alibaba Home" time="516.571" errors="0" timestamp="12 Jan 2018 16:17:01 GMT">
  <testcase classname="testSignInPageObjects.TestSignInPage" name="signInWithInvalidIdTest" time="29.239"/>
  <testcase classname="testSignInPageObjects.TestSignInPage" name="signInByMobileLinkStatusTest" time="24.874"/>
  <testcase classname="testSignInPageObjects.TestSignInPage" name="joinFreeLinkStatusTest" time="24.499"/>
  <testcase classname="testSignInPageObjects.TestSignInPage" name="facebookLinkStatusTest" time="25.089"/>
  <testcase classname="testSignInPageObjects.TestSignInPage" name="googleLinkStatusTest" time="24.753"/>
  <testcase classname="testSignInPageObjects.TestSignInPage" name="linkedInLinkStatusTest" time="29.107"/>
  <testcase classname="testSignInPageObjects.TestSignInPage" name="twitterLinkStatusTest" time="24.487"/>
  <testcase classname="testSignInPageObjects.TestSignInPage" name="signInByInvalidTwitterAccountTest" time="30.852"/>
  <testcase classname="testSignInPageObjects.TestSignInPage" name="signInByValidTwitterAccountTest" time="32.007"/>
  <testcase classname="testSignInPageObjects.TestSignInPage" name="signInByInvalidFacebookAccountTest" time="31.718"/>
  <testcase classname="testSignInPageObjects.TestSignInPage" name="signInByValidGoogleAccountTest" time="49.076"/>
  <testcase classname="testSignInPageObjects.TestSignInPage" name="getHelpHere" time="4.187"/>
  <testcase classname="testSignInPageObjects.TestSignInPage" name="signInByMobileNumberTest" time="0.0">
    <ignored/>
  </testcase> <!-- signInByMobileNumberTest -->
</testsuite> <!-- Alibaba Home -->
