<?xml version="1.0" encoding="UTF-8"?>
<!-- Generated by org.testng.reporters.JUnitXMLReporter -->
<testsuite ignored="10" hostname="Jahid" failures="0" tests="1" name="Alibaba Home" time="22.434" errors="0" timestamp="07 Jan 2018 16:09:24 GMT">
  <testcase classname="testCases.TestHomePage" name="checkLogoVisibility" time="1.043"/>
  <testcase classname="testCases.TestHomePage" name="categoriesList" time="0.0">
    <ignored/>
  </testcase> <!-- categoriesList -->
  <testcase classname="testCases.TestHomePage" name="testQuotesSearch" time="0.0">
    <ignored/>
  </testcase> <!-- testQuotesSearch -->
  <testcase classname="testCases.TestHomePage" name="testCategories" time="0.0">
    <ignored/>
  </testcase> <!-- testCategories -->
  <testcase classname="testCases.TestHomePage" name="testHompageButtonStatus" time="0.0">
    <ignored/>
  </testcase> <!-- testHompageButtonStatus -->
  <testcase classname="testCases.TestHomePage" name="testOptionsOfCategories" time="0.0">
    <ignored/>
  </testcase> <!-- testOptionsOfCategories -->
  <testcase classname="testCases.TestHomePage" name="sourcingSolutions" time="0.0">
    <ignored/>
  </testcase> <!-- sourcingSolutions -->
  <testcase classname="testCases.TestHomePage" name="testSupplierSearch" time="0.0">
    <ignored/>
  </testcase> <!-- testSupplierSearch -->
  <testcase classname="testCases.TestHomePage" name="testProductSearch" time="0.0">
    <ignored/>
  </testcase> <!-- testProductSearch -->
  <testcase classname="testCases.TestHomePage" name="orderProtectionButtonStatus" time="0.0">
    <ignored/>
  </testcase> <!-- orderProtectionButtonStatus -->
  <testcase classname="testCases.TestHomePage" name="signIn" time="0.0">
    <ignored/>
  </testcase> <!-- signIn -->
</testsuite> <!-- Alibaba Home -->
